#
# A fatal error has been detected by the Java Runtime Environment:
#
#  SIGBUS (0x7) at pc=0xb64fb152, pid=15467, tid=3060325184
#
# JRE version: 7.0_09-b30
# Java VM: OpenJDK Server VM (23.2-b09 mixed mode linux-x86 )
# Problematic frame:
# C  [libzip.so+0x5152]  Java_java_util_zip_ZipFile_getZipMessage+0x1592
#
# Failed to write core dump. Core dumps have been disabled. To enable core dumping, try "ulimit -c unlimited" before starting Java again
#
# If you would like to submit a bug report, please include
# instructions on how to reproduce the bug and visit:
#   https://bugs.launchpad.net/ubuntu/+source/openjdk-7/
# The crash happened outside the Java Virtual Machine in native code.
# See problematic frame for where to report the bug.
#

---------------  T H R E A D  ---------------

Current thread (0xb6507000):  JavaThread "main" [_thread_in_native, id=15473, stack(0xb663d000,0xb668e000)]

siginfo:si_signo=SIGBUS: si_errno=0, si_code=2 (BUS_ADRERR), si_addr=0x6772b536

Registers:
EAX=0x66926610, EBX=0xb64feff4, ECX=0x6693db78, EDX=0xb6500010
ESP=0xb668c580, EBP=0xb668c5f8, ESI=0x6772b519, EDI=0x669270e8
EIP=0xb64fb152, EFLAGS=0x00010202, CR2=0x6772b536

Top of Stack: (sp=0xb668c580)
0xb668c580:   00000034 66208ef0 00000006 b752fff4
0xb668c590:   663fdb88 66208020 000005d8 b7523b10
0xb668c5a0:   00008000 b752d740 b6d7ebe9 b70e8ff4
0xb668c5b0:   66926610 000009a0 b668c5f8 b6c2632d
0xb668c5c0:   669266e0 66926610 0000001b 00000000
0xb668c5d0:   b70e8ff4 b6c26306 b64feff4 6693db80
0xb668c5e0:   669266e0 9e640054 b64fb0dd b64feff4
0xb668c5f0:   66926610 669270e8 b668c638 b64fba6a 

Instructions: (pc=0xb64fb152)
0xb64fb132:   00 00 8b 06 8b 56 04 89 04 24 8b 45 cc 89 54 24
0xb64fb142:   04 e8 88 ec ff ff 89 c6 85 f6 0f 84 b6 04 00 00
0xb64fb152:   0f b6 56 1d 0f b6 46 1c 0f b6 4e 1e 8b 7d e4 c1
0xb64fb162:   e2 08 09 c2 0f b6 46 0d 89 55 d0 0f b6 56 1f 88 

Register to memory mapping:

EAX=0x66926610 is an unknown value
EBX=0xb64feff4: <offset 0x8ff4> in /usr/lib/jvm/java-7-openjdk-i386/jre/lib/i386/libzip.so at 0xb64f6000
ECX=0x6693db78 is an unknown value
EDX=0xb6500010 is an unknown value
ESP=0xb668c580 is pointing into the stack for thread: 0xb6507000
EBP=0xb668c5f8 is pointing into the stack for thread: 0xb6507000
ESI=0x6772b519 is an unknown value
EDI=0x669270e8 is an unknown value


Stack: [0xb663d000,0xb668e000],  sp=0xb668c580,  free space=317k
Native frames: (J=compiled Java code, j=interpreted, Vv=VM code, C=native code)
C  [libzip.so+0x5152]  Java_java_util_zip_ZipFile_getZipMessage+0x1592
C  [libzip.so+0x5a6a]  ZIP_GetNextEntry+0x4a
C  [libzip.so+0x36b4]  Java_java_util_zip_ZipFile_getNextEntry+0x24
j  java.util.zip.ZipFile.getNextEntry(JI)J+0
j  java.util.zip.ZipFile.access$500(JI)J+2
j  java.util.zip.ZipFile$1.nextElement()Ljava/util/zip/ZipEntry;+54
j  java.util.zip.ZipFile$1.nextElement()Ljava/lang/Object;+1
j  java.util.jar.JarFile$1.nextElement()Ljava/util/jar/JarFile$JarFileEntry;+4

Java frames: (J=compiled Java code, j=interpreted, Vv=VM code)
j  java.util.zip.ZipFile.getNextEntry(JI)J+0
j  java.util.zip.ZipFile.access$500(JI)J+2
j  java.util.zip.ZipFile$1.nextElement()Ljava/util/zip/ZipEntry;+54
j  java.util.zip.ZipFile$1.nextElement()Ljava/lang/Object;+1
j  java.util.jar.JarFile$1.nextElement()Ljava/util/jar/JarFile$JarFileEntry;+4
J  com.xtremelabs.robolectric.bytecode.ClassCache.readEntries(Ljava/util/jar/JarFile;)V
j  com.xtremelabs.robolectric.bytecode.ClassCache.<init>(Ljava/lang/String;I)V+118
j  com.xtremelabs.robolectric.bytecode.RobolectricClassLoader.<init>(Lcom/xtremelabs/robolectric/bytecode/ClassHandler;Ljava/util/List;)V+99
j  com.xtremelabs.robolectric.bytecode.RobolectricClassLoader.<init>(Lcom/xtremelabs/robolectric/bytecode/ClassHandler;)V+3
j  com.xtremelabs.robolectric.RobolectricTestRunner.getDefaultLoader()Lcom/xtremelabs/robolectric/bytecode/RobolectricClassLoader;+13
j  com.xtremelabs.robolectric.RobolectricTestRunner.<init>(Ljava/lang/Class;Lcom/xtremelabs/robolectric/RobolectricConfig;)V+25
j  com.xtremelabs.robolectric.RobolectricTestRunner.<init>(Ljava/lang/Class;)V+18
v  ~StubRoutines::call_stub
j  sun.reflect.NativeConstructorAccessorImpl.newInstance0(Ljava/lang/reflect/Constructor;[Ljava/lang/Object;)Ljava/lang/Object;+0
j  sun.reflect.NativeConstructorAccessorImpl.newInstance([Ljava/lang/Object;)Ljava/lang/Object;+72
j  sun.reflect.DelegatingConstructorAccessorImpl.newInstance([Ljava/lang/Object;)Ljava/lang/Object;+5
j  java.lang.reflect.Constructor.newInstance([Ljava/lang/Object;)Ljava/lang/Object;+80
j  org.junit.internal.builders.AnnotatedBuilder.buildRunner(Ljava/lang/Class;Ljava/lang/Class;)Lorg/junit/runner/Runner;+22
j  org.junit.internal.builders.AnnotatedBuilder.runnerForClass(Ljava/lang/Class;)Lorg/junit/runner/Runner;+23
j  org.junit.runners.model.RunnerBuilder.safeRunnerForClass(Ljava/lang/Class;)Lorg/junit/runner/Runner;+2
j  org.junit.internal.builders.AllDefaultPossibilitiesBuilder.runnerForClass(Ljava/lang/Class;)Lorg/junit/runner/Runner;+73
j  org.junit.runners.model.RunnerBuilder.safeRunnerForClass(Ljava/lang/Class;)Lorg/junit/runner/Runner;+2
j  org.junit.internal.requests.ClassRequest.getRunner()Lorg/junit/runner/Runner;+15
j  org.eclipse.jdt.internal.junit4.runner.JUnit4TestReference.<init>(Lorg/junit/runner/Request;[Ljava/lang/String;)V+23
j  org.eclipse.jdt.internal.junit4.runner.JUnit4TestClassReference.<init>(Ljava/lang/Class;[Ljava/lang/String;)V+6
j  org.eclipse.jdt.internal.junit4.runner.JUnit4TestLoader.createTest(Ljava/lang/Class;Ljava/lang/String;[Ljava/lang/String;Lorg/eclipse/jdt/internal/junit/runner/RemoteTestRunner;)Lorg/eclipse/jdt/internal/junit/runner/ITestReference;+16
j  org.eclipse.jdt.internal.junit4.runner.JUnit4TestLoader.loadTests([Ljava/lang/Class;Ljava/lang/String;[Ljava/lang/String;Lorg/eclipse/jdt/internal/junit/runner/RemoteTestRunner;)[Lorg/eclipse/jdt/internal/junit/runner/ITestReference;+26
j  org.eclipse.jdt.internal.junit.runner.RemoteTestRunner.runTests([Ljava/lang/String;Ljava/lang/String;Lorg/eclipse/jdt/internal/junit/runner/TestExecution;)V+15
j  org.eclipse.jdt.internal.junit.runner.RemoteTestRunner.runTests(Lorg/eclipse/jdt/internal/junit/runner/TestExecution;)V+10
j  org.eclipse.jdt.internal.junit.runner.RemoteTestRunner.run()V+70
j  org.eclipse.jdt.internal.junit.runner.RemoteTestRunner.main([Ljava/lang/String;)V+14
v  ~StubRoutines::call_stub

---------------  P R O C E S S  ---------------

Java Threads: ( => current thread )
  0x67092800 JavaThread "ReaderThread" [_thread_in_native, id=15487, stack(0x66abb000,0x66b0c000)]
  0x67001400 JavaThread "Service Thread" daemon [_thread_blocked, id=15485, stack(0x66f2e000,0x66f7f000)]
  0x676fe800 JavaThread "C2 CompilerThread1" daemon [_thread_blocked, id=15484, stack(0x66f7f000,0x67000000)]
  0x676fc400 JavaThread "C2 CompilerThread0" daemon [_thread_blocked, id=15483, stack(0x6712e000,0x671af000)]
  0x676fac00 JavaThread "Signal Dispatcher" daemon [_thread_blocked, id=15481, stack(0x671af000,0x67200000)]
  0x676b8c00 JavaThread "Finalizer" daemon [_thread_blocked, id=15480, stack(0x6aa2e000,0x6aa7f000)]
  0x676b7000 JavaThread "Reference Handler" daemon [_thread_blocked, id=15479, stack(0x6ad2e000,0x6ad7f000)]
=>0xb6507000 JavaThread "main" [_thread_in_native, id=15473, stack(0xb663d000,0xb668e000)]

Other Threads:
  0x676b0800 VMThread [stack: 0x6774c000,0x677cd000] [id=15478]
  0x67003400 WatcherThread [stack: 0x66ead000,0x66f2e000] [id=15486]

VM state:not at safepoint (normal execution)

VM Mutex/Monitor currently owned by a thread: None

Heap
 PSYoungGen      total 19136K, used 7897K [0x9de90000, 0x9f3e0000, 0xb33e0000)
  eden space 16448K, 48% used [0x9de90000,0x9e646740,0x9eea0000)
  from space 2688K, 0% used [0x9f140000,0x9f140000,0x9f3e0000)
  to   space 2688K, 0% used [0x9eea0000,0x9eea0000,0x9f140000)
 ParOldGen       total 43712K, used 0K [0x733e0000, 0x75e90000, 0x9de90000)
  object space 43712K, 0% used [0x733e0000,0x733e0000,0x75e90000)
 PSPermGen       total 16384K, used 3667K [0x6b3e0000, 0x6c3e0000, 0x733e0000)
  object space 16384K, 22% used [0x6b3e0000,0x6b774e20,0x6c3e0000)

Card table byte_map: [0x6b19f000,0x6b3e0000] byte_map_base: 0x6ae45100

Polling page: 0xb7701000

Code Cache  [0xb34af000, 0xb36ef000, 0xb64af000)
 total_blobs=148 nmethods=31 adapters=70 free_code_cache=48797Kb largest_free_block=49947200

Compilation events (10 events):
Event: 0.363 Thread 0x676fc400   26   !         java.util.zip.InflaterInputStream::read (138 bytes)
Event: 0.372 Thread 0x676fe800   27   !         java.util.zip.Inflater::inflate (74 bytes)
Event: 0.374 Thread 0x676fe800 nmethod 27 0xb34ff2c8 code [0xb34ff400, 0xb34ff6dc]
Event: 0.374 Thread 0x676fe800   29             java.util.zip.InflaterInputStream::read (33 bytes)
Event: 0.387 Thread 0x676fc400 nmethod 26 0xb350bac8 code [0xb350bca0, 0xb350c48c]
Event: 0.387 Thread 0x676fc400    1 % !         com.xtremelabs.robolectric.bytecode.ClassCache::readEntries @ 65 (128 bytes)
Event: 0.393 Thread 0x676fe800 nmethod 29 0xb3502a88 code [0xb3502c60, 0xb350344c]
Event: 0.421 Thread 0x676fc400 nmethod 1% 0xb3508288 code [0xb35084a0, 0xb3508f54]
Event: 0.469 Thread 0x676fe800   30             java.lang.Math::min (11 bytes)
Event: 0.469 Thread 0x676fe800 nmethod 30 0xb3508148 code [0xb3508220, 0xb3508250]

GC Heap History (0 events):
No events

Deoptimization events (0 events):
No events

Internal exceptions (10 events):
Event: 0.337 Thread 0xb6507000 Threw 0x9e264398 at /build/buildd/openjdk-7-7u9-2.3.3/build/openjdk/hotspot/src/share/vm/prims/jvm.cpp:1166
Event: 0.338 Thread 0xb6507000 Threw 0x9e270998 at /build/buildd/openjdk-7-7u9-2.3.3/build/openjdk/hotspot/src/share/vm/prims/jvm.cpp:1166
Event: 0.340 Thread 0xb6507000 Threw 0x9e27e178 at /build/buildd/openjdk-7-7u9-2.3.3/build/openjdk/hotspot/src/share/vm/prims/jvm.cpp:1166
Event: 0.340 Thread 0xb6507000 Threw 0x9e281aa8 at /build/buildd/openjdk-7-7u9-2.3.3/build/openjdk/hotspot/src/share/vm/prims/jvm.cpp:1166
Event: 0.341 Thread 0xb6507000 Threw 0x9e284cf0 at /build/buildd/openjdk-7-7u9-2.3.3/build/openjdk/hotspot/src/share/vm/prims/jvm.cpp:1166
Event: 0.341 Thread 0xb6507000 Threw 0x9e288f68 at /build/buildd/openjdk-7-7u9-2.3.3/build/openjdk/hotspot/src/share/vm/prims/jvm.cpp:1166
Event: 0.342 Thread 0xb6507000 Threw 0x9e28bc40 at /build/buildd/openjdk-7-7u9-2.3.3/build/openjdk/hotspot/src/share/vm/prims/jvm.cpp:1166
Event: 0.342 Thread 0xb6507000 Threw 0x9e28f370 at /build/buildd/openjdk-7-7u9-2.3.3/build/openjdk/hotspot/src/share/vm/prims/jvm.cpp:1166
Event: 0.343 Thread 0xb6507000 Threw 0x9e29a148 at /build/buildd/openjdk-7-7u9-2.3.3/build/openjdk/hotspot/src/share/vm/prims/jvm.cpp:1166
Event: 0.344 Thread 0xb6507000 Threw 0x9e2a1c48 at /build/buildd/openjdk-7-7u9-2.3.3/build/openjdk/hotspot/src/share/vm/prims/jvm.cpp:1166

Events (10 events):
Event: 0.342 loading class 0x670c4318
Event: 0.342 loading class 0x670c4318 done
Event: 0.343 loading class 0x670c43c0
Event: 0.343 loading class 0x670c43c0 done
Event: 0.344 loading class 0x66928080
Event: 0.344 loading class 0x66928080 done
Event: 0.345 loading class 0x6700b350
Event: 0.345 loading class 0x6700b350 done
Event: 0.345 loading class 0x67008d60
Event: 0.345 loading class 0x67008d60 done


Dynamic libraries:
08048000-08049000 r-xp 00000000 08:11 7351466    /usr/lib/jvm/java-7-openjdk-i386/jre/bin/java
08049000-0804a000 r--p 00000000 08:11 7351466    /usr/lib/jvm/java-7-openjdk-i386/jre/bin/java
0804a000-0804b000 rw-p 00001000 08:11 7351466    /usr/lib/jvm/java-7-openjdk-i386/jre/bin/java
094d1000-094f2000 rw-p 00000000 00:00 0          [heap]
66100000-661fe000 rw-p 00000000 00:00 0 
661fe000-66200000 ---p 00000000 00:00 0 
66200000-66229000 rw-p 00000000 00:00 0 
66229000-66300000 ---p 00000000 00:00 0 
66300000-663fe000 rw-p 00000000 00:00 0 
663fe000-66400000 ---p 00000000 00:00 0 
66400000-664fe000 rw-p 00000000 00:00 0 
664fe000-66500000 ---p 00000000 00:00 0 
66500000-665fe000 rw-p 00000000 00:00 0 
665fe000-66600000 ---p 00000000 00:00 0 
66600000-666fe000 rw-p 00000000 00:00 0 
666fe000-66700000 ---p 00000000 00:00 0 
66700000-66729000 rw-p 00000000 00:00 0 
66729000-66800000 ---p 00000000 00:00 0 
66900000-669f9000 rw-p 00000000 00:00 0 
669f9000-66a00000 ---p 00000000 00:00 0 
66abb000-66abe000 ---p 00000000 00:00 0 
66abe000-66b0c000 rw-p 00000000 00:00 0 
66b0c000-66b46000 r-xp 00000000 08:11 1836008    /lib/i386-linux-gnu/libpcre.so.3.12.1
66b46000-66b47000 r--p 00039000 08:11 1836008    /lib/i386-linux-gnu/libpcre.so.3.12.1
66b47000-66b48000 rw-p 0003a000 08:11 1836008    /lib/i386-linux-gnu/libpcre.so.3.12.1
66b48000-66c3f000 r-xp 00000000 08:11 1835960    /lib/i386-linux-gnu/libglib-2.0.so.0.3200.3
66c3f000-66c40000 r--p 000f6000 08:11 1835960    /lib/i386-linux-gnu/libglib-2.0.so.0.3200.3
66c40000-66c41000 rw-p 000f7000 08:11 1835960    /lib/i386-linux-gnu/libglib-2.0.so.0.3200.3
66c41000-66c8e000 r-xp 00000000 08:11 7344828    /usr/lib/i386-linux-gnu/libgobject-2.0.so.0.3200.3
66c8e000-66c8f000 r--p 0004c000 08:11 7344828    /usr/lib/i386-linux-gnu/libgobject-2.0.so.0.3200.3
66c8f000-66c90000 rw-p 0004d000 08:11 7344828    /usr/lib/i386-linux-gnu/libgobject-2.0.so.0.3200.3
66c90000-66de3000 r-xp 00000000 08:11 7344804    /usr/lib/i386-linux-gnu/libgio-2.0.so.0.3200.3
66de3000-66de5000 r--p 00153000 08:11 7344804    /usr/lib/i386-linux-gnu/libgio-2.0.so.0.3200.3
66de5000-66de6000 rw-p 00155000 08:11 7344804    /usr/lib/i386-linux-gnu/libgio-2.0.so.0.3200.3
66de6000-66de7000 rw-p 00000000 00:00 0 
66de7000-66ead000 r--s 0116f000 08:11 15888367   /home/tyanhly/softs/java/android-sdk-linux/platforms/android-17/android.jar
66ead000-66eae000 ---p 00000000 00:00 0 
66eae000-66f2e000 rw-p 00000000 00:00 0 
66f2e000-66f31000 ---p 00000000 00:00 0 
66f31000-66f7f000 rw-p 00000000 00:00 0 
66f7f000-66f82000 ---p 00000000 00:00 0 
66f82000-67000000 rw-p 00000000 00:00 0 
67000000-67100000 rw-p 00000000 00:00 0 
67116000-67129000 r-xp 00000000 08:11 1845158    /lib/i386-linux-gnu/libresolv-2.15.so
67129000-6712a000 ---p 00013000 08:11 1845158    /lib/i386-linux-gnu/libresolv-2.15.so
6712a000-6712b000 r--p 00013000 08:11 1845158    /lib/i386-linux-gnu/libresolv-2.15.so
6712b000-6712c000 rw-p 00014000 08:11 1845158    /lib/i386-linux-gnu/libresolv-2.15.so
6712c000-6712e000 rw-p 00000000 00:00 0 
6712e000-67131000 ---p 00000000 00:00 0 
67131000-671af000 rw-p 00000000 00:00 0 
671af000-671b2000 ---p 00000000 00:00 0 
671b2000-67200000 rw-p 00000000 00:00 0 
67200000-67400000 r--p 00000000 08:11 7346792    /usr/lib/locale/locale-archive
67400000-674fa000 rw-p 00000000 00:00 0 
674fa000-67500000 ---p 00000000 00:00 0 
67500000-67521000 rw-p 00000000 00:00 0 
67521000-67600000 ---p 00000000 00:00 0 
67600000-676ff000 rw-p 00000000 00:00 0 
676ff000-67700000 ---p 00000000 00:00 0 
67700000-6771d000 r-xp 00000000 08:11 1836023    /lib/i386-linux-gnu/libselinux.so.1
6771d000-6771e000 r--p 0001c000 08:11 1836023    /lib/i386-linux-gnu/libselinux.so.1
6771e000-6771f000 rw-p 0001d000 08:11 1836023    /lib/i386-linux-gnu/libselinux.so.1
67728000-6772f000 r--s 000ef000 08:11 15732977   /home/tyanhly/env/projects/android/a3/tmp/cached-robolectric-classes.jar
6772f000-67734000 r--s 0004b000 08:11 7351285    /usr/lib/jvm/java-7-openjdk-common/jre/lib/jsse.jar
67734000-6774a000 r-xp 00000000 08:11 7351672    /usr/lib/jvm/java-7-openjdk-i386/jre/lib/i386/libnet.so
6774a000-6774b000 r--p 00015000 08:11 7351672    /usr/lib/jvm/java-7-openjdk-i386/jre/lib/i386/libnet.so
6774b000-6774c000 rw-p 00016000 08:11 7351672    /usr/lib/jvm/java-7-openjdk-i386/jre/lib/i386/libnet.so
6774c000-6774d000 ---p 00000000 00:00 0 
6774d000-67815000 rw-p 00000000 00:00 0 
67815000-679c0000 r--s 01cdb000 08:11 7351676    /usr/lib/jvm/java-7-openjdk-i386/jre/lib/rt.jar
679c0000-6a900000 rw-p 00000000 00:00 0 
6a900000-6a9f8000 rw-p 00000000 00:00 0 
6a9f8000-6aa00000 ---p 00000000 00:00 0 
6aa01000-6aa2e000 r--s 0050a000 08:11 15477202   /home/tyanhly/Downloads/robolectric-1.2-jar-with-dependencies.jar
6aa2e000-6aa31000 ---p 00000000 00:00 0 
6aa31000-6aa7f000 rw-p 00000000 00:00 0 
6aa7f000-6aa80000 ---p 00000000 00:00 0 
6aa80000-6ab00000 rw-p 00000000 00:00 0 
6ab00000-6ab21000 rw-p 00000000 00:00 0 
6ab21000-6ac00000 ---p 00000000 00:00 0 
6ac00000-6ac21000 rw-p 00000000 00:00 0 
6ac21000-6ad00000 ---p 00000000 00:00 0 
6ad01000-6ad0a000 r--s 00057000 08:11 15733573   /home/tyanhly/env/projects/android/a3/libs/android-support-v4.jar
6ad0a000-6ad2e000 rw-p 00000000 00:00 0 
6ad2e000-6ad31000 ---p 00000000 00:00 0 
6ad31000-6ad7f000 rw-p 00000000 00:00 0 
6ad7f000-6ad80000 ---p 00000000 00:00 0 
6ad80000-6ae00000 rw-p 00000000 00:00 0 
6ae00000-6ae21000 rw-p 00000000 00:00 0 
6ae21000-6af00000 ---p 00000000 00:00 0 
6af00000-6af05000 r-xp 00000000 08:11 7344767    /usr/lib/i386-linux-gnu/libffi.so.6.0.0
6af05000-6af06000 r--p 00004000 08:11 7344767    /usr/lib/i386-linux-gnu/libffi.so.6.0.0
6af06000-6af07000 rw-p 00005000 08:11 7344767    /usr/lib/i386-linux-gnu/libffi.so.6.0.0
6af07000-6af08000 ---p 00000000 00:00 0 
6af08000-6af88000 rw-p 00000000 00:00 0 
6af88000-6af89000 ---p 00000000 00:00 0 
6af89000-6b011000 rw-p 00000000 00:00 0 
6b011000-6b049000 rw-p 00000000 00:00 0 
6b049000-6b05f000 rw-p 00000000 00:00 0 
6b05f000-6b19f000 rw-p 00000000 00:00 0 
6b19f000-6b1a7000 rw-p 00000000 00:00 0 
6b1a7000-6b1df000 rw-p 00000000 00:00 0 
6b1df000-6b1f5000 rw-p 00000000 00:00 0 
6b1f5000-6b334000 rw-p 00000000 00:00 0 
6b334000-6b33f000 rw-p 00000000 00:00 0 
6b33f000-6b3df000 rw-p 00000000 00:00 0 
6b3df000-6c3e0000 rw-p 00000000 00:00 0 
6c3e0000-733e0000 rw-p 00000000 00:00 0 
733e0000-75e90000 rw-p 00000000 00:00 0 
75e90000-9de90000 rw-p 00000000 00:00 0 
9de90000-9f3e0000 rw-p 00000000 00:00 0 
9f3e0000-b33e0000 rw-p 00000000 00:00 0 
b33e1000-b33e4000 r-xp 00000000 08:11 7344814    /usr/lib/i386-linux-gnu/libgmodule-2.0.so.0.3200.3
b33e4000-b33e5000 r--p 00002000 08:11 7344814    /usr/lib/i386-linux-gnu/libgmodule-2.0.so.0.3200.3
b33e5000-b33e6000 rw-p 00003000 08:11 7344814    /usr/lib/i386-linux-gnu/libgmodule-2.0.so.0.3200.3
b33e6000-b33e7000 r--s 00006000 08:11 15881090   /home/tyanhly/softs/java/eclipse/plugins/org.hamcrest.core_1.1.0.v20090501071000.jar
b33e7000-b33ed000 r--s 00034000 08:11 15881086   /home/tyanhly/softs/java/eclipse/plugins/org.junit_4.10.0.v4_10_0_v20120426-0900/junit.jar
b33ed000-b33ef000 r--s 00005000 08:11 16023968   /home/tyanhly/softs/java/android-sdk-linux/add-ons/addon-google_apis-google-17/libs/maps.jar
b33ef000-b33f8000 rw-p 00000000 00:00 0 
b33f8000-b34af000 rw-p 00000000 00:00 0 
b34af000-b36ef000 rwxp 00000000 00:00 0 
b36ef000-b64af000 rw-p 00000000 00:00 0 
b64af000-b64ba000 r-xp 00000000 08:11 1845157    /lib/i386-linux-gnu/libnss_files-2.15.so
b64ba000-b64bb000 r--p 0000a000 08:11 1845157    /lib/i386-linux-gnu/libnss_files-2.15.so
b64bb000-b64bc000 rw-p 0000b000 08:11 1845157    /lib/i386-linux-gnu/libnss_files-2.15.so
b64bc000-b64c6000 r-xp 00000000 08:11 1845161    /lib/i386-linux-gnu/libnss_nis-2.15.so
b64c6000-b64c7000 r--p 00009000 08:11 1845161    /lib/i386-linux-gnu/libnss_nis-2.15.so
b64c7000-b64c8000 rw-p 0000a000 08:11 1845161    /lib/i386-linux-gnu/libnss_nis-2.15.so
b64c8000-b64de000 r-xp 00000000 08:11 1845173    /lib/i386-linux-gnu/libnsl-2.15.so
b64de000-b64df000 r--p 00015000 08:11 1845173    /lib/i386-linux-gnu/libnsl-2.15.so
b64df000-b64e0000 rw-p 00016000 08:11 1845173    /lib/i386-linux-gnu/libnsl-2.15.so
b64e0000-b64e2000 rw-p 00000000 00:00 0 
b64e2000-b64e9000 r-xp 00000000 08:11 1845155    /lib/i386-linux-gnu/libnss_compat-2.15.so
b64e9000-b64ea000 r--p 00006000 08:11 1845155    /lib/i386-linux-gnu/libnss_compat-2.15.so
b64ea000-b64eb000 rw-p 00007000 08:11 1845155    /lib/i386-linux-gnu/libnss_compat-2.15.so
b64eb000-b64ec000 rw-p 00000000 00:00 0 
b64ec000-b64f0000 r--s 00085000 08:11 7351311    /usr/lib/jvm/java-7-openjdk-common/jre/lib/ext/localedata.jar
b64f0000-b64f3000 r--s 0003c000 08:11 7351310    /usr/lib/jvm/java-7-openjdk-common/jre/lib/ext/sunpkcs11.jar
b64f3000-b64f6000 r--s 00032000 08:11 7351312    /usr/lib/jvm/java-7-openjdk-common/jre/lib/ext/sunjce_provider.jar
b64f6000-b64fe000 r-xp 00000000 08:11 7351647    /usr/lib/jvm/java-7-openjdk-i386/jre/lib/i386/libzip.so
b64fe000-b64ff000 r--p 00007000 08:11 7351647    /usr/lib/jvm/java-7-openjdk-i386/jre/lib/i386/libzip.so
b64ff000-b6500000 rw-p 00008000 08:11 7351647    /usr/lib/jvm/java-7-openjdk-i386/jre/lib/i386/libzip.so
b6500000-b65fc000 rw-p 00000000 00:00 0 
b65fc000-b6600000 ---p 00000000 00:00 0 
b6600000-b6602000 r--s 00012000 08:11 7351314    /usr/lib/jvm/java-7-openjdk-common/jre/lib/ext/zipfs.jar
b6602000-b6603000 r--s 00007000 08:11 7740751    /usr/share/java/java-atk-wrapper.jar
b6603000-b660b000 rw-s 00000000 08:11 1048882    /tmp/hsperfdata_tyanhly/15467
b660b000-b6632000 r-xp 00000000 08:11 7351642    /usr/lib/jvm/java-7-openjdk-i386/jre/lib/i386/libjava.so
b6632000-b6633000 r--p 00026000 08:11 7351642    /usr/lib/jvm/java-7-openjdk-i386/jre/lib/i386/libjava.so
b6633000-b6634000 rw-p 00027000 08:11 7351642    /usr/lib/jvm/java-7-openjdk-i386/jre/lib/i386/libjava.so
b6634000-b663b000 r-xp 00000000 08:11 1845160    /lib/i386-linux-gnu/librt-2.15.so
b663b000-b663c000 r--p 00006000 08:11 1845160    /lib/i386-linux-gnu/librt-2.15.so
b663c000-b663d000 rw-p 00007000 08:11 1845160    /lib/i386-linux-gnu/librt-2.15.so
b663d000-b6640000 ---p 00000000 00:00 0 
b6640000-b668e000 rw-p 00000000 00:00 0 
b668e000-b66aa000 r-xp 00000000 08:11 1835956    /lib/i386-linux-gnu/libgcc_s.so.1
b66aa000-b66ab000 r--p 0001b000 08:11 1835956    /lib/i386-linux-gnu/libgcc_s.so.1
b66ab000-b66ac000 rw-p 0001c000 08:11 1835956    /lib/i386-linux-gnu/libgcc_s.so.1
b66ac000-b66d6000 r-xp 00000000 08:11 1845164    /lib/i386-linux-gnu/libm-2.15.so
b66d6000-b66d7000 r--p 00029000 08:11 1845164    /lib/i386-linux-gnu/libm-2.15.so
b66d7000-b66d8000 rw-p 0002a000 08:11 1845164    /lib/i386-linux-gnu/libm-2.15.so
b66d8000-b67b0000 r-xp 00000000 08:11 7345109    /usr/lib/i386-linux-gnu/libstdc++.so.6.0.16
b67b0000-b67b1000 ---p 000d8000 08:11 7345109    /usr/lib/i386-linux-gnu/libstdc++.so.6.0.16
b67b1000-b67b5000 r--p 000d8000 08:11 7345109    /usr/lib/i386-linux-gnu/libstdc++.so.6.0.16
b67b5000-b67b6000 rw-p 000dc000 08:11 7345109    /usr/lib/i386-linux-gnu/libstdc++.so.6.0.16
b67b6000-b67bd000 rw-p 00000000 00:00 0 
b67bd000-b70a2000 r-xp 00000000 08:11 7351657    /usr/lib/jvm/java-7-openjdk-i386/jre/lib/i386/server/libjvm.so
b70a2000-b70e9000 r--p 008e4000 08:11 7351657    /usr/lib/jvm/java-7-openjdk-i386/jre/lib/i386/server/libjvm.so
b70e9000-b70fd000 rw-p 0092b000 08:11 7351657    /usr/lib/jvm/java-7-openjdk-i386/jre/lib/i386/server/libjvm.so
b70fd000-b751b000 rw-p 00000000 00:00 0 
b751b000-b752f000 r-xp 00000000 08:11 1836046    /lib/i386-linux-gnu/libz.so.1.2.3.4
b752f000-b7530000 r--p 00013000 08:11 1836046    /lib/i386-linux-gnu/libz.so.1.2.3.4
b7530000-b7531000 rw-p 00014000 08:11 1836046    /lib/i386-linux-gnu/libz.so.1.2.3.4
b7531000-b7548000 r-xp 00000000 08:11 1845162    /lib/i386-linux-gnu/libpthread-2.15.so
b7548000-b7549000 r--p 00016000 08:11 1845162    /lib/i386-linux-gnu/libpthread-2.15.so
b7549000-b754a000 rw-p 00017000 08:11 1845162    /lib/i386-linux-gnu/libpthread-2.15.so
b754a000-b754c000 rw-p 00000000 00:00 0 
b754c000-b754f000 r-xp 00000000 08:11 1845168    /lib/i386-linux-gnu/libdl-2.15.so
b754f000-b7550000 r--p 00002000 08:11 1845168    /lib/i386-linux-gnu/libdl-2.15.so
b7550000-b7551000 rw-p 00003000 08:11 1845168    /lib/i386-linux-gnu/libdl-2.15.so
b7551000-b76f4000 r-xp 00000000 08:11 1845153    /lib/i386-linux-gnu/libc-2.15.so
b76f4000-b76f5000 ---p 001a3000 08:11 1845153    /lib/i386-linux-gnu/libc-2.15.so
b76f5000-b76f7000 r--p 001a3000 08:11 1845153    /lib/i386-linux-gnu/libc-2.15.so
b76f7000-b76f8000 rw-p 001a5000 08:11 1845153    /lib/i386-linux-gnu/libc-2.15.so
b76f8000-b76fb000 rw-p 00000000 00:00 0 
b76fb000-b76fe000 r--s 0000f000 08:11 7351315    /usr/lib/jvm/java-7-openjdk-common/jre/lib/ext/pulse-java.jar
b76fe000-b76ff000 r--s 00002000 08:11 7351313    /usr/lib/jvm/java-7-openjdk-common/jre/lib/ext/dnsns.jar
b76ff000-b7700000 r--p 005e0000 08:11 7346792    /usr/lib/locale/locale-archive
b7700000-b7701000 rw-p 00000000 00:00 0 
b7701000-b7702000 r--p 00000000 00:00 0 
b7702000-b770e000 r-xp 00000000 08:11 7351663    /usr/lib/jvm/java-7-openjdk-i386/jre/lib/i386/libverify.so
b770e000-b770f000 r--p 0000b000 08:11 7351663    /usr/lib/jvm/java-7-openjdk-i386/jre/lib/i386/libverify.so
b770f000-b7710000 rw-p 0000c000 08:11 7351663    /usr/lib/jvm/java-7-openjdk-i386/jre/lib/i386/libverify.so
b7710000-b771c000 r-xp 00000000 08:11 7351650    /usr/lib/jvm/java-7-openjdk-i386/jre/lib/i386/jli/libjli.so
b771c000-b771d000 r--p 0000c000 08:11 7351650    /usr/lib/jvm/java-7-openjdk-i386/jre/lib/i386/jli/libjli.so
b771d000-b771e000 rw-p 0000d000 08:11 7351650    /usr/lib/jvm/java-7-openjdk-i386/jre/lib/i386/jli/libjli.so
b771e000-b7721000 rw-p 00000000 00:00 0 
b7721000-b7722000 r-xp 00000000 00:00 0          [vdso]
b7722000-b7742000 r-xp 00000000 08:11 1845165    /lib/i386-linux-gnu/ld-2.15.so
b7742000-b7743000 r--p 0001f000 08:11 1845165    /lib/i386-linux-gnu/ld-2.15.so
b7743000-b7744000 rw-p 00020000 08:11 1845165    /lib/i386-linux-gnu/ld-2.15.so
bfab3000-bfad4000 rw-p 00000000 00:00 0          [stack]

VM Arguments:
jvm_args: -Dfile.encoding=UTF-8 
java_command: org.eclipse.jdt.internal.junit.runner.RemoteTestRunner -version 3 -port 42431 -testLoaderClass org.eclipse.jdt.internal.junit4.runner.JUnit4TestLoader -loaderpluginname org.eclipse.jdt.junit4.runtime -testNameFile /tmp/testNames1147893754879449217.txt
Launcher Type: SUN_STANDARD

Environment Variables:
PATH=/usr/lib/lightdm/lightdm:/usr/local/sbin:/usr/local/bin:/usr/sbin:/usr/bin:/sbin:/bin:/usr/games
LD_LIBRARY_PATH=/usr/lib/jvm/java-7-openjdk-i386/jre/lib/i386/server:/usr/lib/jvm/java-7-openjdk-i386/jre/lib/i386:/usr/lib/jvm/java-7-openjdk-i386/jre/../lib/i386:/usr/lib/jvm/java-6-openjdk-i386/jre/lib/i386/client:/usr/lib/jvm/java-6-openjdk-i386/jre/lib/i386:
SHELL=/bin/bash
DISPLAY=:0.0

Signal Handlers:
SIGSEGV: [libjvm.so+0x753930], sa_mask[0]=0x7ffbfeff, sa_flags=0x10000004
SIGBUS: [libjvm.so+0x753930], sa_mask[0]=0x7ffbfeff, sa_flags=0x10000004
SIGFPE: [libjvm.so+0x5e94a0], sa_mask[0]=0x7ffbfeff, sa_flags=0x10000004
SIGPIPE: [libjvm.so+0x5e94a0], sa_mask[0]=0x7ffbfeff, sa_flags=0x10000004
SIGXFSZ: [libjvm.so+0x5e94a0], sa_mask[0]=0x7ffbfeff, sa_flags=0x10000004
SIGILL: [libjvm.so+0x5e94a0], sa_mask[0]=0x7ffbfeff, sa_flags=0x10000004
SIGUSR1: SIG_DFL, sa_mask[0]=0x00000000, sa_flags=0x00000000
SIGUSR2: [libjvm.so+0x5e9330], sa_mask[0]=0x00000004, sa_flags=0x10000004
SIGHUP: [libjvm.so+0x5e9960], sa_mask[0]=0x7ffbfeff, sa_flags=0x10000004
SIGINT: [libjvm.so+0x5e9960], sa_mask[0]=0x7ffbfeff, sa_flags=0x10000004
SIGTERM: [libjvm.so+0x5e9960], sa_mask[0]=0x7ffbfeff, sa_flags=0x10000004
SIGQUIT: [libjvm.so+0x5e9960], sa_mask[0]=0x7ffbfeff, sa_flags=0x10000004


---------------  S Y S T E M  ---------------

OS:Ubuntu 12.04 (precise)
uname:Linux 3.2.0-35-generic-pae #55-Ubuntu SMP Wed Dec 5 18:04:39 UTC 2012 i686
libc:glibc 2.15 NPTL 2.15 
rlimit: STACK 8192k, CORE 0k, NPROC 63615, NOFILE 4096, AS infinity
load average:1.12 0.86 0.73

/proc/meminfo:
MemTotal:        8157416 kB
MemFree:          625112 kB
Buffers:          175080 kB
Cached:          2102716 kB
SwapCached:        11740 kB
Active:          5560512 kB
Inactive:        1604588 kB
Active(anon):    4641500 kB
Inactive(anon):   689672 kB
Active(file):     919012 kB
Inactive(file):   914916 kB
Unevictable:          16 kB
Mlocked:              16 kB
HighTotal:       7359880 kB
HighFree:         314324 kB
LowTotal:         797536 kB
LowFree:          310788 kB
SwapTotal:       8271868 kB
SwapFree:        7518228 kB
Dirty:               864 kB
Writeback:             0 kB
AnonPages:       4877796 kB
Mapped:           254652 kB
Shmem:            443776 kB
Slab:             281140 kB
SReclaimable:     240156 kB
SUnreclaim:        40984 kB
KernelStack:        8504 kB
PageTables:        51460 kB
NFS_Unstable:          0 kB
Bounce:                0 kB
WritebackTmp:          0 kB
CommitLimit:    12350576 kB
Committed_AS:   14384364 kB
VmallocTotal:     122880 kB
VmallocUsed:       23300 kB
VmallocChunk:      33556 kB
HardwareCorrupted:     0 kB
AnonHugePages:         0 kB
HugePages_Total:       0
HugePages_Free:        0
HugePages_Rsvd:        0
HugePages_Surp:        0
Hugepagesize:       2048 kB
DirectMap4k:       10232 kB
DirectMap2M:      903168 kB


CPU:total 4 (2 cores per cpu, 2 threads per core) family 6 model 37 stepping 5, cmov, cx8, fxsr, mmx, sse, sse2, sse3, ssse3, sse4.1, sse4.2, popcnt, ht, tsc, tscinvbit

/proc/cpuinfo:
processor	: 0
vendor_id	: GenuineIntel
cpu family	: 6
model		: 37
model name	: Intel(R) Core(TM) i3 CPU         540  @ 3.07GHz
stepping	: 5
microcode	: 0x2
cpu MHz		: 3067.000
cache size	: 4096 KB
physical id	: 0
siblings	: 4
core id		: 0
cpu cores	: 2
apicid		: 0
initial apicid	: 0
fdiv_bug	: no
hlt_bug		: no
f00f_bug	: no
coma_bug	: no
fpu		: yes
fpu_exception	: yes
cpuid level	: 11
wp		: yes
flags		: fpu vme de pse tsc msr pae mce cx8 apic sep mtrr pge mca cmov pat pse36 clflush dts acpi mmx fxsr sse sse2 ss ht tm pbe nx rdtscp lm constant_tsc arch_perfmon pebs bts xtopology nonstop_tsc aperfmperf pni dtes64 monitor ds_cpl vmx est tm2 ssse3 cx16 xtpr pdcm pcid sse4_1 sse4_2 popcnt lahf_lm arat dtherm tpr_shadow vnmi flexpriority ept vpid
bogomips	: 6133.49
clflush size	: 64
cache_alignment	: 64
address sizes	: 36 bits physical, 48 bits virtual
power management:

processor	: 1
vendor_id	: GenuineIntel
cpu family	: 6
model		: 37
model name	: Intel(R) Core(TM) i3 CPU         540  @ 3.07GHz
stepping	: 5
microcode	: 0x2
cpu MHz		: 1200.000
cache size	: 4096 KB
physical id	: 0
siblings	: 4
core id		: 2
cpu cores	: 2
apicid		: 4
initial apicid	: 4
fdiv_bug	: no
hlt_bug		: no
f00f_bug	: no
coma_bug	: no
fpu		: yes
fpu_exception	: yes
cpuid level	: 11
wp		: yes
flags		: fpu vme de pse tsc msr pae mce cx8 apic sep mtrr pge mca cmov pat pse36 clflush dts acpi mmx fxsr sse sse2 ss ht tm pbe nx rdtscp lm constant_tsc arch_perfmon pebs bts xtopology nonstop_tsc aperfmperf pni dtes64 monitor ds_cpl vmx est tm2 ssse3 cx16 xtpr pdcm pcid sse4_1 sse4_2 popcnt lahf_lm arat dtherm tpr_shadow vnmi flexpriority ept vpid
bogomips	: 6133.49
clflush size	: 64
cache_alignment	: 64
address sizes	: 36 bits physical, 48 bits virtual
power management:

processor	: 2
vendor_id	: GenuineIntel
cpu family	: 6
model		: 37
model name	: Intel(R) Core(TM) i3 CPU         540  @ 3.07GHz
stepping	: 5
microcode	: 0x2
cpu MHz		: 3067.000
cache size	: 4096 KB
physical id	: 0
siblings	: 4
core id		: 0
cpu cores	: 2
apicid		: 1
initial apicid	: 1
fdiv_bug	: no
hlt_bug		: no
f00f_bug	: no
coma_bug	: no
fpu		: yes
fpu_exception	: yes
cpuid level	: 11
wp		: yes
flags		: fpu vme de pse tsc msr pae mce cx8 apic sep mtrr pge mca cmov pat pse36 clflush dts acpi mmx fxsr sse sse2 ss ht tm pbe nx rdtscp lm constant_tsc arch_perfmon pebs bts xtopology nonstop_tsc aperfmperf pni dtes64 monitor ds_cpl vmx est tm2 ssse3 cx16 xtpr pdcm pcid sse4_1 sse4_2 popcnt lahf_lm arat dtherm tpr_shadow vnmi flexpriority ept vpid
bogomips	: 6133.49
clflush size	: 64
cache_alignment	: 64
address sizes	: 36 bits physical, 48 bits virtual
power management:

processor	: 3
vendor_id	: GenuineIntel
cpu family	: 6
model		: 37
model name	: Intel(R) Core(TM) i3 CPU         540  @ 3.07GHz
stepping	: 5
microcode	: 0x2
cpu MHz		: 3067.000
cache size	: 4096 KB
physical id	: 0
siblings	: 4
core id		: 2
cpu cores	: 2
apicid		: 5
initial apicid	: 5
fdiv_bug	: no
hlt_bug		: no
f00f_bug	: no
coma_bug	: no
fpu		: yes
fpu_exception	: yes
cpuid level	: 11
wp		: yes
flags		: fpu vme de pse tsc msr pae mce cx8 apic sep mtrr pge mca cmov pat pse36 clflush dts acpi mmx fxsr sse sse2 ss ht tm pbe nx rdtscp lm constant_tsc arch_perfmon pebs bts xtopology nonstop_tsc aperfmperf pni dtes64 monitor ds_cpl vmx est tm2 ssse3 cx16 xtpr pdcm pcid sse4_1 sse4_2 popcnt lahf_lm arat dtherm tpr_shadow vnmi flexpriority ept vpid
bogomips	: 6133.50
clflush size	: 64
cache_alignment	: 64
address sizes	: 36 bits physical, 48 bits virtual
power management:



Memory: 4k page, physical 8157416k(625112k free), swap 8271868k(7518228k free)

vm_info: OpenJDK Server VM (23.2-b09) for linux-x86 JRE (1.7.0_09-b30), built on Oct 24 2012 18:55:39 by "buildd" with gcc 4.6.3

time: Mon Apr  1 09:59:16 2013
elapsed time: 0 seconds

